<?xml version="1.0" encoding="UTF-8" standalone="no"?>
<testsuite errors="0" failures="0" name="io.cucumber.core.plugin.JUnitFormatter" skipped="0" tests="3" time="29.25">
    <testcase classname="Test login functionality" name="Check login is successful with valid credentials" time="10.568">
        <system-out><![CDATA[Given browser is open.......................................................passed
And user is on login page...................................................passed
When user enters Gareni and 12345...........................................passed
And user clicks on login....................................................passed
Then user is navigated to the home page.....................................passed
]]></system-out>
    </testcase>
    <testcase classname="Test login functionality" name="Check login is successful with valid credentials 2" time="9.313">
        <system-out><![CDATA[Given browser is open.......................................................passed
And user is on login page...................................................passed
When user enters Toshi and 12345............................................passed
And user clicks on login....................................................passed
Then user is navigated to the home page.....................................passed
]]></system-out>
    </testcase>
    <testcase classname="feature to test login functionality" name="Check login is successful with valid credentials" time="9.18">
        <system-out><![CDATA[Given user is on login page.................................................passed
When user enters <username> and <password>..................................passed
And user clicks on login....................................................passed
Then user is navigated to the home page.....................................passed
]]></system-out>
    </testcase>
</testsuite>
