<?xml version="1.0" encoding="UTF-8"?>
<testng-results skipped="0" failed="0" ignored="0" total="0" passed="0">
  <reporter-output>
  </reporter-output>
  <suite name="Surefire suite" duration-ms="6" started-at="2020-10-07T09:23:14 PDT" finished-at="2020-10-07T09:23:14 PDT">
    <groups>
    </groups>
    <test name="Surefire test" duration-ms="6" started-at="2020-10-07T09:23:14 PDT" finished-at="2020-10-07T09:23:14 PDT">
    </test> <!-- Surefire test -->
  </suite> <!-- Surefire suite -->
</testng-results>
