<?xml version="1.0" encoding="UTF-8"?>
<testsuite xmlns:xsi="http://www.w3.org/2001/XMLSchema-instance" xsi:noNamespaceSchemaLocation="https://maven.apache.org/surefire/maven-surefire-plugin/xsd/surefire-test-report.xsd" name="runners.TestRunner" time="21.514" tests="2" errors="0" skipped="0" failures="0">
  <properties>
[...]
</properties>
  <testcase name="Check login is successful with valid credentials" classname="Test login functionality" time="11.582"/>
  <testcase name="Check login is successful with valid credentials" classname="Test login functionality" time="9.493"/>
</testsuite>